\BOOKMARK [0][-]{chapter.1}{Classical Scalar Field}{}
\BOOKMARK [1][-]{section.1.1}{Scalar field theory}{chapter.1}
\BOOKMARK [1][-]{section.1.2}{Classical Scalar Field Theory}{chapter.1}
\BOOKMARK [2][-]{subsection.1.2.1}{Linear \(free\) theory}{section.1.2}
\BOOKMARK [2][-]{subsection.1.2.2}{Nonlinear \(interacting\) theory}{section.1.2}
\BOOKMARK [1][-]{section.1.3}{Dimensional analysis and scaling}{chapter.1}
\BOOKMARK [2][-]{subsection.1.3.1}{Scaling Dimension}{section.1.3}
\BOOKMARK [1][-]{section.1.4}{Scale Invariance}{chapter.1}
\BOOKMARK [2][-]{subsection.1.4.1}{Conformal Invariance}{section.1.4}
\BOOKMARK [1][-]{section.1.5}{4 theory}{chapter.1}
\BOOKMARK [2][-]{subsection.1.5.1}{Spontaneous symmetry breaking}{section.1.5}
\BOOKMARK [2][-]{subsection.1.5.2}{Kink solutions}{section.1.5}
\BOOKMARK [1][-]{section.1.6}{Complex scalar field theory}{chapter.1}
\BOOKMARK [1][-]{section.1.7}{O\(N\) theory}{chapter.1}
\BOOKMARK [1][-]{section.1.8}{Quantum scalar field theory}{chapter.1}
\BOOKMARK [2][-]{subsection.1.8.1}{Feynman Path Integral}{section.1.8}
\BOOKMARK [2][-]{subsection.1.8.2}{Renormalization}{section.1.8}
\BOOKMARK [1][-]{section.1.9}{Scalar Field equation for general metrics}{chapter.1}
\BOOKMARK [2][-]{subsection.1.9.1}{Schwarzschild Metric}{section.1.9}
\BOOKMARK [2][-]{subsection.1.9.2}{FRW Metric}{section.1.9}
\BOOKMARK [2][-]{subsection.1.9.3}{Anti de Sitter space}{section.1.9}
\BOOKMARK [2][-]{subsection.1.9.4}{Scalar Field in Anti de Sitter space}{section.1.9}
\BOOKMARK [1][-]{section.1.10}{Questions}{chapter.1}
\BOOKMARK [0][-]{chapter.2}{Scalar Field in AdS space}{}
\BOOKMARK [1][-]{section.2.1}{n-dimentional AdS space}{chapter.2}
\BOOKMARK [1][-]{section.2.2}{Black hole in Anti de Sitter space}{chapter.2}
\BOOKMARK [0][-]{chapter.3}{Scalar Field in Black Hole Anti de Sitter}{}
\BOOKMARK [1][-]{section.3.1}{Introduction}{chapter.3}
\BOOKMARK [1][-]{section.3.2}{Charged Black Hole in AdS}{chapter.3}
\BOOKMARK [1][-]{section.3.3}{Zero Temperature}{chapter.3}
\BOOKMARK [1][-]{section.3.4}{Charged Scalar Field in Charged Black Hole}{chapter.3}
\BOOKMARK [2][-]{subsection.3.4.1}{Exeptional Cases}{section.3.4}
\BOOKMARK [1][-]{section.3.5}{Numerical Approach}{chapter.3}
\BOOKMARK [2][-]{subsection.3.5.1}{Adaptive grid size}{section.3.5}
\BOOKMARK [0][-]{chapter.4}{Dirac Equation in Black Hole AdS}{}
\BOOKMARK [1][-]{section.4.1}{Introduction}{chapter.4}
\BOOKMARK [1][-]{section.4.2}{Lorentz Lie Algebra}{chapter.4}
\BOOKMARK [2][-]{subsection.4.2.1}{Gamma matrices in n-dimentional space}{section.4.2}
\BOOKMARK [2][-]{subsection.4.2.2}{Gamma matrices in Curved space-time}{section.4.2}
\BOOKMARK [1][-]{section.4.3}{Dirac Equation for curved space-time}{chapter.4}
\BOOKMARK [2][-]{subsection.4.3.1}{Diran Equation solution for simple AdS5 space}{section.4.3}
\BOOKMARK [2][-]{subsection.4.3.2}{General Note on Diagonal Mertric which depends on just one variable}{section.4.3}
\BOOKMARK [2][-]{subsection.4.3.3}{Dirac equation in Charged Field}{section.4.3}
\BOOKMARK [1][-]{section.4.4}{solving the Dirac equation}{chapter.4}
\BOOKMARK [2][-]{subsection.4.4.1}{Green function}{section.4.4}
\BOOKMARK [2][-]{subsection.4.4.2}{Zero Temprature}{section.4.4}
\BOOKMARK [2][-]{subsection.4.4.3}{Looking more carefully at zero temprature and field without mass}{section.4.4}
\BOOKMARK [0][-]{chapter.5}{Gamma Matrices Properties}{}
\BOOKMARK [1][-]{section.5.1}{Introduction}{chapter.5}
\BOOKMARK [1][-]{section.5.2}{Gamma Matrices properties}{chapter.5}
\BOOKMARK [2][-]{subsection.5.2.1}{}{section.5.2}
\BOOKMARK [2][-]{subsection.5.2.2}{}{section.5.2}
\BOOKMARK [2][-]{subsection.5.2.3}{Excersice}{section.5.2}
\BOOKMARK [2][-]{subsection.5.2.4}{Covariant derivative}{section.5.2}
\BOOKMARK [0][-]{chapter.6}{Spin 3/2 particles}{}
\BOOKMARK [1][-]{section.6.1}{Introduction}{chapter.6}
\BOOKMARK [1][-]{section.6.2}{Rarita-Schwinger Formalism}{chapter.6}
\BOOKMARK [1][-]{section.6.3}{Equation of motion for 3/2 spin particles}{chapter.6}
\BOOKMARK [1][-]{section.6.4}{Rarita–Schwinger equation}{chapter.6}
\BOOKMARK [2][-]{subsection.6.4.1}{Rarita–Schwinger equation in 4-dimentional Minkowskispace}{section.6.4}
\BOOKMARK [1][-]{section.6.5}{Spin 3/2 in curved space}{chapter.6}
\BOOKMARK [0][-]{chapter.7}{NOT RELATED TO THE PROJECT}{}
\BOOKMARK [1][-]{section.7.1}{SELF NOTES FOR MY RECORD}{chapter.7}
\BOOKMARK [2][-]{subsection.7.1.1}{Is the nature Lorentz Invariance ?}{section.7.1}
\BOOKMARK [2][-]{subsection.7.1.2}{Black Rings in 5-dimention}{section.7.1}
